#
# There is insufficient memory for the Java Runtime Environment to continue.
# Native memory allocation (malloc) failed to allocate 1048576 bytes. Error detail: AllocateHeap
# Possible reasons:
#   The system is out of physical RAM or swap space
#   This process is running with CompressedOops enabled, and the Java Heap may be blocking the growth of the native heap
# Possible solutions:
#   Reduce memory load on the system
#   Increase physical memory or swap space
#   Check if swap backing store is full
#   Decrease Java heap size (-Xmx/-Xms)
#   Decrease number of Java threads
#   Decrease Java thread stack sizes (-Xss)
#   Set larger code cache with -XX:ReservedCodeCacheSize=
#   JVM is running with Unscaled Compressed Oops mode in which the Java heap is
#     placed in the first 4GB address space. The Java Heap base address is the
#     maximum limit for the native heap growth. Please use -XX:HeapBaseMinAddress
#     to set the Java Heap base and to place the Java Heap above 4GB virtual address.
# This output file may be truncated or incomplete.
#
#  Out of Memory Error (allocation.cpp:44), pid=29076, tid=15796
#
# JRE version:  (21.0.6) (build )
# Java VM: OpenJDK 64-Bit Server VM (21.0.6+-13391695-b895.109, mixed mode, sharing, tiered, compressed oops, compressed class ptrs, g1 gc, windows-amd64)
# No core dump will be written. Minidumps are not enabled by default on client versions of Windows
#

---------------  S U M M A R Y ------------

Command Line: git4idea.http.GitAskPassApp Username for 'https://github.com': 

Host: 11th Gen Intel(R) Core(TM) i5-1135G7 @ 2.40GHz, 8 cores, 7G,  Windows 11 , 64 bit Build 26100 (10.0.26100.5074)
Time: Thu Sep 25 19:50:46 2025 Malay Peninsula Standard Time elapsed time: 1.046511 seconds (0d 0h 0m 1s)

---------------  T H R E A D  ---------------

Current thread (0x00000266f14034c0):  JavaThread "Unknown thread" [_thread_in_vm, id=15796, stack(0x000000e87f000000,0x000000e87f100000) (1024K)]

Stack: [0x000000e87f000000,0x000000e87f100000]
Native frames: (J=compiled Java code, j=interpreted, Vv=VM code, C=native code)
V  [jvm.dll+0x6d0639]
V  [jvm.dll+0x85eb03]
V  [jvm.dll+0x86105e]
V  [jvm.dll+0x861743]
V  [jvm.dll+0x27e6e6]
V  [jvm.dll+0xba6e7]
V  [jvm.dll+0x330105]
V  [jvm.dll+0x3286f1]
V  [jvm.dll+0x826549]
V  [jvm.dll+0x3bc158]
V  [jvm.dll+0x80f7f8]
V  [jvm.dll+0x45035e]
V  [jvm.dll+0x451ac1]
C  [jli.dll+0x52ab]
C  [ucrtbase.dll+0x37b0]
C  [KERNEL32.DLL+0x2e8d7]
C  [ntdll.dll+0x8d9c]


---------------  P R O C E S S  ---------------

Threads class SMR info:
_java_thread_list=0x00007fffc8e61848, length=0, elements={
}

Java Threads: ( => current thread )
Total: 0

Other Threads:
  0x00000266f38de710 WorkerThread "GC Thread#0"                     [id=29432, stack(0x000000e87f100000,0x000000e87f200000) (1024K)]

[error occurred during error reporting (printing all threads), id 0xc0000005, EXCEPTION_ACCESS_VIOLATION (0xc0000005) at pc=0x00007fffc8654c30]
VM state: not at safepoint (not fully initialized)

VM Mutex/Monitor currently owned by a thread:  ([mutex/lock_event])
[0x00007fffc8ece4a0] Heap_lock - owner thread: 0x00000266f14034c0

Heap address: 0x0000000083200000, size: 1998 MB, Compressed Oops mode: 32-bit

CDS archive(s) mapped at: [0x0000000000000000-0x0000000000000000-0x0000000000000000), size 0, SharedBaseAddress: 0x0000000800000000, ArchiveRelocationMode: 1.
Narrow klass base: 0x0000000000000000, Narrow klass shift: 0, Narrow klass range: 0x0

GC Precious Log:
 CardTable entry size: 512
 Card Set container configuration: InlinePtr #cards 5 size 8 Array Of Cards #cards 12 size 40 Howl #buckets 4 coarsen threshold 1843 Howl Bitmap #cards 512 size 80 coarsen threshold 460 Card regions per heap region 1 cards per card region 2048

Heap:
 garbage-first heap   total 0K, used 0K [0x0000000083200000, 0x0000000100000000)
  region size 1024K, 0 young (0K), 0 survivors (0K)
 Metaspace       used 0K, committed 0K, reserved 0K
  class space    used 0K, committed 0K, reserved 0K

Heap Regions: E=young(eden), S=young(survivor), O=old, HS=humongous(starts), HC=humongous(continues), CS=collection set, F=free, TAMS=top-at-mark-start, PB=parsable bottom

Card table byte_map: [0x00000266f7100000,0x00000266f74f0000] _byte_map_base: 0x00000266f6ce7000

GC Heap History (0 events):
No events

Dll operation events (1 events):
Event: 0.007 Loaded shared library C:\Program Files\Android\Android Studio\jbr\bin\java.dll

Deoptimization events (0 events):
No events

Classes loaded (0 events):
No events

Classes unloaded (0 events):
No events

Classes redefined (0 events):
No events

Internal exceptions (0 events):
No events

ZGC Phase Switch (0 events):
No events

VM Operations (0 events):
No events

Memory protections (0 events):
No events

Nmethod flushes (0 events):
No events

Events (0 events):
No events


Dynamic libraries:
0x00007ff71dcc0000 - 0x00007ff71dcca000 	C:\Program Files\Android\Android Studio\jbr\bin\java.exe
0x00007ff8681e0000 - 0x00007ff868449000 	C:\WINDOWS\SYSTEM32\ntdll.dll
0x00007ff866810000 - 0x00007ff8668d9000 	C:\WINDOWS\System32\KERNEL32.DLL
0x00007ff865400000 - 0x00007ff8657f3000 	C:\WINDOWS\System32\KERNELBASE.dll
0x00007ff865ae0000 - 0x00007ff865c2b000 	C:\WINDOWS\System32\ucrtbase.dll
0x00007ff851710000 - 0x00007ff851728000 	C:\Program Files\Android\Android Studio\jbr\bin\jli.dll
0x00007ff865fb0000 - 0x00007ff866174000 	C:\WINDOWS\System32\USER32.dll
0x00007ff865e10000 - 0x00007ff865e37000 	C:\WINDOWS\System32\win32u.dll
0x00007ff8521a0000 - 0x00007ff8521bb000 	C:\Program Files\Android\Android Studio\jbr\bin\VCRUNTIME140.dll
0x00007ff866180000 - 0x00007ff8661ab000 	C:\WINDOWS\System32\GDI32.dll
0x00007ff865ce0000 - 0x00007ff865e0d000 	C:\WINDOWS\System32\gdi32full.dll
0x00007ff865c30000 - 0x00007ff865cd3000 	C:\WINDOWS\System32\msvcp_win.dll
0x00007ff84c7b0000 - 0x00007ff84ca43000 	C:\WINDOWS\WinSxS\amd64_microsoft.windows.common-controls_6595b64144ccf1df_6.0.26100.5074_none_3e0d6f78e32fd63f\COMCTL32.dll
0x00007ff866560000 - 0x00007ff866609000 	C:\WINDOWS\System32\msvcrt.dll
0x00007ff8661b0000 - 0x00007ff8661df000 	C:\WINDOWS\System32\IMM32.DLL
0x00007ff85c7a0000 - 0x00007ff85c7ac000 	C:\Program Files\Android\Android Studio\jbr\bin\vcruntime140_1.dll
0x00007ffff46f0000 - 0x00007ffff477d000 	C:\Program Files\Android\Android Studio\jbr\bin\msvcp140.dll
0x00007fffc8320000 - 0x00007fffc8fab000 	C:\Program Files\Android\Android Studio\jbr\bin\server\jvm.dll
0x00007ff8678d0000 - 0x00007ff867984000 	C:\WINDOWS\System32\ADVAPI32.dll
0x00007ff867f40000 - 0x00007ff867fe6000 	C:\WINDOWS\System32\sechost.dll
0x00007ff8677b0000 - 0x00007ff8678c8000 	C:\WINDOWS\System32\RPCRT4.dll
0x00007ff866470000 - 0x00007ff8664e4000 	C:\WINDOWS\System32\WS2_32.dll
0x00007ff85c8a0000 - 0x00007ff85c8ab000 	C:\WINDOWS\SYSTEM32\VERSION.dll
0x00007ff8651d0000 - 0x00007ff86522e000 	C:\WINDOWS\SYSTEM32\POWRPROF.dll
0x00007ff862c80000 - 0x00007ff862cb5000 	C:\WINDOWS\SYSTEM32\WINMM.dll
0x00007ff8651b0000 - 0x00007ff8651c4000 	C:\WINDOWS\SYSTEM32\UMPDC.dll
0x00007ff864150000 - 0x00007ff86416b000 	C:\WINDOWS\SYSTEM32\kernel.appcore.dll
0x00007ff857350000 - 0x00007ff85735a000 	C:\Program Files\Android\Android Studio\jbr\bin\jimage.dll
0x00007ff862790000 - 0x00007ff8629d2000 	C:\WINDOWS\SYSTEM32\DBGHELP.DLL
0x00007ff867b00000 - 0x00007ff867e7b000 	C:\WINDOWS\System32\combase.dll
0x00007ff866200000 - 0x00007ff8662d7000 	C:\WINDOWS\System32\OLEAUT32.dll
0x00007ff8453f0000 - 0x00007ff84542d000 	C:\WINDOWS\SYSTEM32\dbgcore.DLL
0x00007ff865a40000 - 0x00007ff865ad9000 	C:\WINDOWS\System32\bcryptPrimitives.dll
0x00007ff84a740000 - 0x00007ff84a760000 	C:\Program Files\Android\Android Studio\jbr\bin\java.dll

dbghelp: loaded successfully - version: 4.0.5 - missing functions: none
symbol engine: initialized successfully - sym options: 0x614 - pdb path: .;C:\Program Files\Android\Android Studio\jbr\bin;C:\WINDOWS\SYSTEM32;C:\WINDOWS\WinSxS\amd64_microsoft.windows.common-controls_6595b64144ccf1df_6.0.26100.5074_none_3e0d6f78e32fd63f;C:\Program Files\Android\Android Studio\jbr\bin\server

VM Arguments:
java_command: git4idea.http.GitAskPassApp Username for 'https://github.com': 
java_class_path (initial): C:/Program Files/Android/Android Studio/plugins/vcs-git/lib/git4idea-rt.jar;C:/Program Files/Android/Android Studio/lib/externalProcess-rt.jar
Launcher Type: SUN_STANDARD

[Global flags]
     intx CICompilerCount                          = 4                                         {product} {ergonomic}
     uint ConcGCThreads                            = 2                                         {product} {ergonomic}
     uint G1ConcRefinementThreads                  = 8                                         {product} {ergonomic}
   size_t G1HeapRegionSize                         = 1048576                                   {product} {ergonomic}
    uintx GCDrainStackTargetSize                   = 64                                        {product} {ergonomic}
   size_t InitialHeapSize                          = 132120576                                 {product} {ergonomic}
   size_t MarkStackSize                            = 4194304                                   {product} {ergonomic}
   size_t MaxHeapSize                              = 2095054848                                {product} {ergonomic}
   size_t MinHeapDeltaBytes                        = 1048576                                   {product} {ergonomic}
   size_t MinHeapSize                              = 8388608                                   {product} {ergonomic}
    uintx NonNMethodCodeHeapSize                   = 5839372                                {pd product} {ergonomic}
    uintx NonProfiledCodeHeapSize                  = 122909434                              {pd product} {ergonomic}
    uintx ProfiledCodeHeapSize                     = 122909434                              {pd product} {ergonomic}
    uintx ReservedCodeCacheSize                    = 251658240                              {pd product} {ergonomic}
     bool SegmentedCodeCache                       = true                                      {product} {ergonomic}
   size_t SoftMaxHeapSize                          = 2095054848                             {manageable} {ergonomic}
     bool UseCompressedOops                        = true                           {product lp64_product} {ergonomic}
     bool UseG1GC                                  = true                                      {product} {ergonomic}
     bool UseLargePagesIndividualAllocation        = false                                  {pd product} {ergonomic}

Logging:
Log output configuration:
 #0: stdout all=warning uptime,level,tags foldmultilines=false
 #1: stderr all=off uptime,level,tags foldmultilines=false

Environment Variables:
PATH=C:\Program Files\Git\mingw64\libexec\git-core;C:\Program Files\Git\mingw64\libexec\git-core;C:\Program Files\Git\mingw64\bin;C:\Program Files\Git\usr\bin;C:\Users\adank\bin;C:\ProgramData\Oracle\Java\javapath;C:\Windows\System32\HWAudioDriverLibs;C:\Windows\system32;C:\Windows;C:\Windows\System32\Wbem;C:\Windows\System32\WindowsPowerShell\v1.0;C:\Windows\System32\OpenSSH;C:\Users\Administrator\AppData\Local\Microsoft\WindowsApps;C:\Program Files (x86)\Microsoft SQL Server\160\Tools\Binn;C:\Program Files\Microsoft SQL Server\160\Tools\Binn;C:\Program Files\Microsoft SQL Server\Client SDK\ODBC\170\Tools\Binn;C:\Program Files\Microsoft SQL Server\160\DTS\Binn;C:\Program Files (x86)\Microsoft SQL Server\160\DTS\Binn;C:\WINDOWS\system32;C:\WINDOWS;C:\WINDOWS\System32\Wbem;C:\WINDOWS\System32\WindowsPowerShell\v1.0;C:\WINDOWS\System32\OpenSSH;C:\Program Files\dotnet;C:\Program Files\Git\cmd;C:\Users\adank\AppData\Local\Microsoft\WindowsApps;C:\Users\adank\AppData\Local\Programs\Microsoft VS Code\bin
USERNAME=adank
DISPLAY=:0.0
LC_ALL=en_US.UTF-8
TERM=xterm-256color
TMPDIR=C:\Users\adank\AppData\Local\Temp
OS=Windows_NT
PROCESSOR_IDENTIFIER=Intel64 Family 6 Model 140 Stepping 1, GenuineIntel
TMP=C:\Users\adank\AppData\Local\Temp
TEMP=C:\Users\adank\AppData\Local\Temp




Periodic native trim disabled

JNI global refs:
JNI global refs: 0, weak refs: 0

JNI global refs memory usage: 0, weak refs: 0

Process memory usage:
Resident Set Size: 12540K (0% of 8183096K total physical memory with 733408K free physical memory)

OOME stack traces (most recent first):
Classloader memory used:

---------------  S Y S T E M  ---------------

OS:
 Windows 11 , 64 bit Build 26100 (10.0.26100.5074)
OS uptime: 6 days 22:22 hours

CPU: total 8 (initial active 8) (4 cores per cpu, 2 threads per core) family 6 model 140 stepping 1 microcode 0x8a, cx8, cmov, fxsr, ht, mmx, 3dnowpref, sse, sse2, sse3, ssse3, sse4.1, sse4.2, popcnt, lzcnt, tsc, tscinvbit, avx, avx2, aes, erms, clmul, bmi1, bmi2, adx, avx512f, avx512dq, avx512cd, avx512bw, avx512vl, sha, fma, vzeroupper, avx512_vpopcntdq, avx512_vpclmulqdq, avx512_vaes, avx512_vnni, clflush, clflushopt, clwb, avx512_vbmi2, avx512_vbmi, rdtscp, rdpid, fsrm, gfni, avx512_bitalg, f16c, pku, cet_ibt, cet_ss, avx512_ifma
Processor Information for the first 8 processors :
  Max Mhz: 2419, Current Mhz: 2419, Mhz Limit: 2419

Memory: 4k page, system-wide physical 7991M (716M free)
TotalPageFile size 21144M (AvailPageFile size 14M)
current process WorkingSet (physical memory assigned to process): 12M, peak: 12M
current process commit charge ("private bytes"): 55M, peak: 56M

vm_info: OpenJDK 64-Bit Server VM (21.0.6+-13391695-b895.109) for windows-amd64 JRE (21.0.6+-13391695-b895.109), built on 2025-04-22T21:19:17Z by "builder" with MS VC++ 16.10 / 16.11 (VS2019)

END.
